<?xml version="1.0" encoding="UTF-8"?>
<!-- Generated by org.testng.reporters.JUnitReportReporter -->
<testsuite hostname="WBCNODE40" failures="0" tests="1" name="TestScripts.TestCases" time="26.609" errors="0" timestamp="15 Feb 2021 12:55:46 GMT">
  <testcase classname="TestScripts.TestCases" name="loginPageTest" time="26.609"/>
</testsuite> <!-- TestScripts.TestCases -->
